2019-03-13 13:39:08,908 INFO o.a.j.u.JMeterUtils: Setting Locale to en_US
2019-03-13 13:39:08,945 INFO o.a.j.JMeter: Loading user properties from: /root/.bzt/jmeter-taurus/5.0/bin/user.properties
2019-03-13 13:39:08,952 INFO o.a.j.JMeter: Loading system properties from: /root/.bzt/jmeter-taurus/5.0/bin/system.properties
2019-03-13 13:39:08,952 INFO o.a.j.JMeter: Loading additional properties from: /tmp/artifacts/jmeter-bzt-1.properties
2019-03-13 13:39:08,967 INFO o.a.j.JMeter: Copyright (c) 1998-2018 The Apache Software Foundation
2019-03-13 13:39:08,968 INFO o.a.j.JMeter: Version 5.0 r1840935
2019-03-13 13:39:08,968 INFO o.a.j.JMeter: java.version=1.8.0_191
2019-03-13 13:39:08,968 INFO o.a.j.JMeter: java.vm.name=OpenJDK 64-Bit Server VM
2019-03-13 13:39:08,968 INFO o.a.j.JMeter: os.name=Linux
2019-03-13 13:39:08,968 INFO o.a.j.JMeter: os.arch=amd64
2019-03-13 13:39:08,968 INFO o.a.j.JMeter: os.version=4.9.125-linuxkit
2019-03-13 13:39:08,968 INFO o.a.j.JMeter: file.encoding=UTF-8
2019-03-13 13:39:08,968 INFO o.a.j.JMeter: Max memory     =462422016
2019-03-13 13:39:08,968 INFO o.a.j.JMeter: Available Processors =2
2019-03-13 13:39:08,972 INFO o.a.j.JMeter: Default Locale=English (United States)
2019-03-13 13:39:08,972 INFO o.a.j.JMeter: JMeter  Locale=English (United States)
2019-03-13 13:39:08,972 INFO o.a.j.JMeter: JMeterHome=/root/.bzt/jmeter-taurus/5.0
2019-03-13 13:39:08,972 INFO o.a.j.JMeter: user.dir  =/bzt-configs
2019-03-13 13:39:08,972 INFO o.a.j.JMeter: PWD       =/bzt-configs
2019-03-13 13:39:08,973 INFO o.a.j.JMeter: IP: 172.17.0.4 Name: de1d7898142a FullName: de1d7898142a
2019-03-13 13:39:08,973 INFO o.a.j.JMeter: user.classpath=/tmp/artifacts:/bzt-configs
2019-03-13 13:39:08,973 INFO o.a.j.JMeter: Adding to classpath and loader: /tmp/artifacts
2019-03-13 13:39:08,983 INFO o.a.j.JMeter: Adding to classpath and loader: /bzt-configs
2019-03-13 13:39:08,990 INFO o.a.j.s.FileServer: Default base='/bzt-configs'
2019-03-13 13:39:09,010 INFO o.a.j.s.FileServer: Set new base='/bzt-configs'
2019-03-13 13:39:09,356 INFO o.a.j.s.SaveService: Testplan (JMX) version: 2.2. Testlog (JTL) version: 2.2
2019-03-13 13:39:09,387 INFO o.a.j.s.SaveService: Using SaveService properties file encoding UTF-8
2019-03-13 13:39:09,404 INFO o.a.j.s.SaveService: Using SaveService properties version 5.0
2019-03-13 13:39:09,413 INFO o.a.j.s.SaveService: Loading file: /bzt-configs/modified_jmeter_script2.jmx
2019-03-13 13:39:09,507 INFO o.a.j.p.h.c.CacheManager: Will only cache the following methods: [GET]
2019-03-13 13:39:09,510 INFO o.a.j.p.h.c.CookieManager: Settings: Delete null: true Check: true Allow variable: true Save: false Prefix: COOKIE_
2019-03-13 13:39:09,569 INFO o.a.j.e.StandardJMeterEngine: Running the test!
2019-03-13 13:39:09,569 INFO o.a.j.s.SampleEvent: List of sample_variables: []
2019-03-13 13:39:09,570 INFO o.a.j.s.SampleEvent: List of sample_variables: []
2019-03-13 13:39:09,576 INFO o.a.j.e.u.CompoundVariable: Note: Function class names must contain the string: '.functions.'
2019-03-13 13:39:09,576 INFO o.a.j.e.u.CompoundVariable: Note: Function class names must not contain the string: '.gui.'
2019-03-13 13:39:10,580 INFO o.a.j.JMeter: Running test (1552484350580)
2019-03-13 13:39:10,649 INFO o.a.j.e.StandardJMeterEngine: Starting ThreadGroup: 1 : Thread Group
2019-03-13 13:39:10,649 INFO o.a.j.e.StandardJMeterEngine: Starting 1 threads for group Thread Group.
2019-03-13 13:39:10,649 INFO o.a.j.e.StandardJMeterEngine: Thread will continue on error
2019-03-13 13:39:10,649 INFO o.a.j.t.ThreadGroup: Starting thread group... number=1 threads=1 ramp-up=1 perThread=1000.0 delayedStart=false
2019-03-13 13:39:10,654 INFO o.a.j.t.ThreadGroup: Started thread group number 1
2019-03-13 13:39:10,654 INFO o.a.j.e.StandardJMeterEngine: All thread groups have been started
2019-03-13 13:39:10,657 INFO o.a.j.t.JMeterThread: Thread started: Thread Group 1-1
2019-03-13 13:39:10,661 INFO o.a.j.s.SampleResult: Note: Sample TimeStamps are START times
2019-03-13 13:39:10,661 INFO o.a.j.s.SampleResult: sampleresult.default.encoding is set to UTF-8
2019-03-13 13:39:10,662 INFO o.a.j.s.SampleResult: sampleresult.useNanoTime=true
2019-03-13 13:39:10,662 INFO o.a.j.s.SampleResult: sampleresult.nanoThreadSleep=5000
2019-03-13 13:39:11,262 INFO o.a.j.t.JMeterThread: Thread is done: Thread Group 1-1
2019-03-13 13:39:11,262 INFO o.a.j.t.JMeterThread: Thread finished: Thread Group 1-1
2019-03-13 13:39:11,263 INFO o.a.j.e.StandardJMeterEngine: Notifying test listeners of end of test
2019-03-13 13:39:11,274 INFO o.a.j.e.StandardJMeterEngine: Forced JVM shutdown requested at end of test
