2019-03-13 13:39:08,614 INFO o.a.j.u.JMeterUtils: Setting Locale to en_US
2019-03-13 13:39:08,667 INFO o.a.j.JMeter: Loading user properties from: /root/.bzt/jmeter-taurus/5.0/bin/user.properties
2019-03-13 13:39:08,669 INFO o.a.j.JMeter: Loading system properties from: /root/.bzt/jmeter-taurus/5.0/bin/system.properties
2019-03-13 13:39:08,670 INFO o.a.j.JMeter: Loading additional properties from: /tmp/artifacts/jmeter-bzt.properties
2019-03-13 13:39:08,681 INFO o.a.j.JMeter: Copyright (c) 1998-2018 The Apache Software Foundation
2019-03-13 13:39:08,681 INFO o.a.j.JMeter: Version 5.0 r1840935
2019-03-13 13:39:08,681 INFO o.a.j.JMeter: java.version=1.8.0_191
2019-03-13 13:39:08,681 INFO o.a.j.JMeter: java.vm.name=OpenJDK 64-Bit Server VM
2019-03-13 13:39:08,681 INFO o.a.j.JMeter: os.name=Linux
2019-03-13 13:39:08,681 INFO o.a.j.JMeter: os.arch=amd64
2019-03-13 13:39:08,681 INFO o.a.j.JMeter: os.version=4.9.125-linuxkit
2019-03-13 13:39:08,682 INFO o.a.j.JMeter: file.encoding=UTF-8
2019-03-13 13:39:08,682 INFO o.a.j.JMeter: Max memory     =462422016
2019-03-13 13:39:08,682 INFO o.a.j.JMeter: Available Processors =2
2019-03-13 13:39:08,688 INFO o.a.j.JMeter: Default Locale=English (United States)
2019-03-13 13:39:08,688 INFO o.a.j.JMeter: JMeter  Locale=English (United States)
2019-03-13 13:39:08,688 INFO o.a.j.JMeter: JMeterHome=/root/.bzt/jmeter-taurus/5.0
2019-03-13 13:39:08,688 INFO o.a.j.JMeter: user.dir  =/bzt-configs
2019-03-13 13:39:08,690 INFO o.a.j.JMeter: PWD       =/bzt-configs
2019-03-13 13:39:08,690 INFO o.a.j.JMeter: IP: 172.17.0.4 Name: de1d7898142a FullName: de1d7898142a
2019-03-13 13:39:08,692 INFO o.a.j.JMeter: user.classpath=/tmp/artifacts:/bzt-configs
2019-03-13 13:39:08,693 INFO o.a.j.JMeter: Adding to classpath and loader: /tmp/artifacts
2019-03-13 13:39:08,697 INFO o.a.j.JMeter: Adding to classpath and loader: /bzt-configs
2019-03-13 13:39:08,713 INFO o.a.j.s.FileServer: Default base='/bzt-configs'
2019-03-13 13:39:08,723 INFO o.a.j.s.FileServer: Set new base='/bzt-configs'
2019-03-13 13:39:08,974 INFO o.a.j.s.SaveService: Testplan (JMX) version: 2.2. Testlog (JTL) version: 2.2
2019-03-13 13:39:09,007 INFO o.a.j.s.SaveService: Using SaveService properties file encoding UTF-8
2019-03-13 13:39:09,014 INFO o.a.j.s.SaveService: Using SaveService properties version 5.0
2019-03-13 13:39:09,027 INFO o.a.j.s.SaveService: Loading file: /bzt-configs/modified_jmeter_script1.jmx
2019-03-13 13:39:09,107 INFO o.a.j.p.h.c.CacheManager: Will only cache the following methods: [GET]
2019-03-13 13:39:09,110 INFO o.a.j.p.h.c.CookieManager: Settings: Delete null: true Check: true Allow variable: true Save: false Prefix: COOKIE_
2019-03-13 13:39:09,198 INFO o.a.j.e.StandardJMeterEngine: Running the test!
2019-03-13 13:39:09,198 INFO o.a.j.s.SampleEvent: List of sample_variables: []
2019-03-13 13:39:09,199 INFO o.a.j.s.SampleEvent: List of sample_variables: []
2019-03-13 13:39:09,211 INFO o.a.j.e.u.CompoundVariable: Note: Function class names must contain the string: '.functions.'
2019-03-13 13:39:09,212 INFO o.a.j.e.u.CompoundVariable: Note: Function class names must not contain the string: '.gui.'
2019-03-13 13:39:10,364 INFO o.a.j.JMeter: Running test (1552484350364)
2019-03-13 13:39:10,492 INFO o.a.j.e.StandardJMeterEngine: Starting ThreadGroup: 1 : Thread Group
2019-03-13 13:39:10,492 INFO o.a.j.e.StandardJMeterEngine: Starting 5 threads for group Thread Group.
2019-03-13 13:39:10,492 INFO o.a.j.e.StandardJMeterEngine: Thread will continue on error
2019-03-13 13:39:10,493 INFO o.a.j.t.ThreadGroup: Starting thread group... number=1 threads=5 ramp-up=1 perThread=200.0 delayedStart=false
2019-03-13 13:39:10,517 INFO o.a.j.t.ThreadGroup: Started thread group number 1
2019-03-13 13:39:10,517 INFO o.a.j.e.StandardJMeterEngine: All thread groups have been started
2019-03-13 13:39:10,519 INFO o.a.j.t.JMeterThread: Thread started: Thread Group 1-1
2019-03-13 13:39:10,719 INFO o.a.j.t.JMeterThread: Thread started: Thread Group 1-2
2019-03-13 13:39:10,920 INFO o.a.j.t.JMeterThread: Thread started: Thread Group 1-3
2019-03-13 13:39:11,120 INFO o.a.j.t.JMeterThread: Thread started: Thread Group 1-4
2019-03-13 13:39:11,215 INFO o.a.j.s.SampleResult: Note: Sample TimeStamps are START times
2019-03-13 13:39:11,215 INFO o.a.j.s.SampleResult: sampleresult.default.encoding is set to UTF-8
2019-03-13 13:39:11,216 INFO o.a.j.s.SampleResult: sampleresult.useNanoTime=true
2019-03-13 13:39:11,216 INFO o.a.j.s.SampleResult: sampleresult.nanoThreadSleep=5000
2019-03-13 13:39:11,320 INFO o.a.j.t.JMeterThread: Thread started: Thread Group 1-5
2019-03-13 13:41:37,311 INFO o.a.j.t.JMeterThread: Thread is done: Thread Group 1-4
2019-03-13 13:41:37,311 INFO o.a.j.t.JMeterThread: Thread finished: Thread Group 1-4
2019-03-13 13:41:38,620 INFO o.a.j.t.JMeterThread: Thread is done: Thread Group 1-3
2019-03-13 13:41:38,621 INFO o.a.j.t.JMeterThread: Thread finished: Thread Group 1-3
2019-03-13 13:41:39,926 INFO o.a.j.t.JMeterThread: Thread is done: Thread Group 1-1
2019-03-13 13:41:39,926 INFO o.a.j.t.JMeterThread: Thread finished: Thread Group 1-1
2019-03-13 13:41:41,766 INFO o.a.j.t.JMeterThread: Thread is done: Thread Group 1-2
2019-03-13 13:41:41,766 INFO o.a.j.t.JMeterThread: Thread finished: Thread Group 1-2
2019-03-13 13:41:42,875 INFO o.a.j.t.JMeterThread: Thread is done: Thread Group 1-5
2019-03-13 13:41:42,876 INFO o.a.j.t.JMeterThread: Thread finished: Thread Group 1-5
2019-03-13 13:41:42,877 INFO o.a.j.e.StandardJMeterEngine: Notifying test listeners of end of test
2019-03-13 13:41:42,896 INFO o.a.j.e.StandardJMeterEngine: Forced JVM shutdown requested at end of test
